# JRE version: OpenJDK Runtime Environment (8.0_152-b02) (build 1.8.0_152-release-1024-b02)
# Java VM: OpenJDK 64-Bit Server VM (25.152-b02 mixed mode windows-amd64 compressed oops)
Heap:
 PSYoungGen      total 82944K, used 42686K [0x00000000e0000000, 0x00000000e6880000, 0x0000000100000000)
  eden space 71168K, 46% used [0x00000000e0000000,0x00000000e2054170,0x00000000e4580000)
  from space 11776K, 81% used [0x00000000e4580000,0x00000000e4edb9c0,0x00000000e5100000)
  to   space 12288K, 0% used [0x00000000e5c80000,0x00000000e5c80000,0x00000000e6880000)
 ParOldGen       total 56320K, used 29331K [0x00000000a0000000, 0x00000000a3700000, 0x00000000e0000000)
  object space 56320K, 52% used [0x00000000a0000000,0x00000000a1ca4f18,0x00000000a3700000)
 Metaspace       used 53881K, capacity 55552K, committed 55640K, reserved 1097728K
  class space    used 7366K, capacity 7777K, committed 7808K, reserved 1048576K
GC Heap History (10 events):
Event: 20.921 GC heap before
{Heap before GC invocations=15 (full 2):
 PSYoungGen      total 55296K, used 7126K [0x00000000e0000000, 0x00000000e4a80000, 0x0000000100000000)
  eden space 48128K, 0% used [0x00000000e0000000,0x00000000e0000000,0x00000000e2f00000)
  from space 7168K, 99% used [0x00000000e2f00000,0x00000000e35f58c0,0x00000000e3600000)
  to   space 7680K, 0% used [0x00000000e4300000,0x00000000e4300000,0x00000000e4a80000)
 ParOldGen       total 34816K, used 14327K [0x00000000a0000000, 0x00000000a2200000, 0x00000000e0000000)
  object space 34816K, 41% used [0x00000000a0000000,0x00000000a0dfdef8,0x00000000a2200000)
 Metaspace       used 34788K, capacity 35386K, committed 35416K, reserved 1079296K
  class space    used 4787K, capacity 4971K, committed 4992K, reserved 1048576K
Event: 21.080 GC heap after
Heap after GC invocations=15 (full 2):
 PSYoungGen      total 55296K, used 0K [0x00000000e0000000, 0x00000000e4a80000, 0x0000000100000000)
  eden space 48128K, 0% used [0x00000000e0000000,0x00000000e0000000,0x00000000e2f00000)
  from space 7168K, 0% used [0x00000000e2f00000,0x00000000e2f00000,0x00000000e3600000)
  to   space 7680K, 0% used [0x00000000e4300000,0x00000000e4300000,0x00000000e4a80000)
 ParOldGen       total 56320K, used 16941K [0x00000000a0000000, 0x00000000a3700000, 0x00000000e0000000)
  object space 56320K, 30% used [0x00000000a0000000,0x00000000a108b618,0x00000000a3700000)
 Metaspace       used 34788K, capacity 35386K, committed 35416K, reserved 1079296K
  class space    used 4787K, capacity 4971K, committed 4992K, reserved 1048576K
}
Event: 22.405 GC heap before
{Heap before GC invocations=16 (full 2):
 PSYoungGen      total 55296K, used 48128K [0x00000000e0000000, 0x00000000e4a80000, 0x0000000100000000)
  eden space 48128K, 100% used [0x00000000e0000000,0x00000000e2f00000,0x00000000e2f00000)
  from space 7168K, 0% used [0x00000000e2f00000,0x00000000e2f00000,0x00000000e3600000)
  to   space 7680K, 0% used [0x00000000e4300000,0x00000000e4300000,0x00000000e4a80000)
 ParOldGen       total 56320K, used 16941K [0x00000000a0000000, 0x00000000a3700000, 0x00000000e0000000)
  object space 56320K, 30% used [0x00000000a0000000,0x00000000a108b618,0x00000000a3700000)
 Metaspace       used 36880K, capacity 37594K, committed 37720K, reserved 1081344K
  class space    used 5036K, capacity 5237K, committed 5248K, reserved 1048576K
Event: 22.417 GC heap after
Heap after GC invocations=16 (full 2):
 PSYoungGen      total 65536K, used 3400K [0x00000000e0000000, 0x00000000e4900000, 0x0000000100000000)
  eden space 59392K, 0% used [0x00000000e0000000,0x00000000e0000000,0x00000000e3a00000)
  from space 6144K, 55% used [0x00000000e4300000,0x00000000e4652130,0x00000000e4900000)
  to   space 7680K, 0% used [0x00000000e3a00000,0x00000000e3a00000,0x00000000e4180000)
 ParOldGen       total 56320K, used 16949K [0x00000000a0000000, 0x00000000a3700000, 0x00000000e0000000)
  object space 56320K, 30% used [0x00000000a0000000,0x00000000a108d618,0x00000000a3700000)
 Metaspace       used 36880K, capacity 37594K, committed 37720K, reserved 1081344K
  class space    used 5036K, capacity 5237K, committed 5248K, reserved 1048576K
}
Event: 25.175 GC heap before
{Heap before GC invocations=17 (full 2):
 PSYoungGen      total 65536K, used 62792K [0x00000000e0000000, 0x00000000e4900000, 0x0000000100000000)
  eden space 59392K, 100% used [0x00000000e0000000,0x00000000e3a00000,0x00000000e3a00000)
  from space 6144K, 55% used [0x00000000e4300000,0x00000000e4652130,0x00000000e4900000)
  to   space 7680K, 0% used [0x00000000e3a00000,0x00000000e3a00000,0x00000000e4180000)
 ParOldGen       total 56320K, used 16949K [0x00000000a0000000, 0x00000000a3700000, 0x00000000e0000000)
  object space 56320K, 30% used [0x00000000a0000000,0x00000000a108d618,0x00000000a3700000)
 Metaspace       used 41330K, capacity 42212K, committed 42328K, reserved 1085440K
  class space    used 5644K, capacity 5905K, committed 6016K, reserved 1048576K
Event: 25.205 GC heap after
Heap after GC invocations=17 (full 2):
 PSYoungGen      total 67072K, used 7669K [0x00000000e0000000, 0x00000000e5a80000, 0x0000000100000000)
  eden space 59392K, 0% used [0x00000000e0000000,0x00000000e0000000,0x00000000e3a00000)
  from space 7680K, 99% used [0x00000000e3a00000,0x00000000e417d5a8,0x00000000e4180000)
  to   space 9728K, 0% used [0x00000000e5100000,0x00000000e5100000,0x00000000e5a80000)
 ParOldGen       total 56320K, used 19583K [0x00000000a0000000, 0x00000000a3700000, 0x00000000e0000000)
  object space 56320K, 34% used [0x00000000a0000000,0x00000000a131feb0,0x00000000a3700000)
 Metaspace       used 41330K, capacity 42212K, committed 42328K, reserved 1085440K
  class space    used 5644K, capacity 5905K, committed 6016K, reserved 1048576K
}
Event: 27.630 GC heap before
{Heap before GC invocations=18 (full 2):
 PSYoungGen      total 67072K, used 67061K [0x00000000e0000000, 0x00000000e5a80000, 0x0000000100000000)
  eden space 59392K, 100% used [0x00000000e0000000,0x00000000e3a00000,0x00000000e3a00000)
  from space 7680K, 99% used [0x00000000e3a00000,0x00000000e417d5a8,0x00000000e4180000)
  to   space 9728K, 0% used [0x00000000e5100000,0x00000000e5100000,0x00000000e5a80000)
 ParOldGen       total 56320K, used 19583K [0x00000000a0000000, 0x00000000a3700000, 0x00000000e0000000)
  object space 56320K, 34% used [0x00000000a0000000,0x00000000a131feb0,0x00000000a3700000)
 Metaspace       used 46473K, capacity 47434K, committed 47576K, reserved 1089536K
  class space    used 6296K, capacity 6612K, committed 6656K, reserved 1048576K
Event: 27.665 GC heap after
Heap after GC invocations=18 (full 2):
 PSYoungGen      total 80896K, used 9706K [0x00000000e0000000, 0x00000000e5f00000, 0x0000000100000000)
  eden space 71168K, 0% used [0x00000000e0000000,0x00000000e0000000,0x00000000e4580000)
  from space 9728K, 99% used [0x00000000e5100000,0x00000000e5a7a858,0x00000000e5a80000)
  to   space 11776K, 0% used [0x00000000e4580000,0x00000000e4580000,0x00000000e5100000)
 ParOldGen       total 56320K, used 21775K [0x00000000a0000000, 0x00000000a3700000, 0x00000000e0000000)
  object space 56320K, 38% used [0x00000000a0000000,0x00000000a1543dc0,0x00000000a3700000)
 Metaspace       used 46473K, capacity 47434K, committed 47576K, reserved 1089536K
  class space    used 6296K, capacity 6612K, committed 6656K, reserved 1048576K
}
Event: 32.435 GC heap before
{Heap before GC invocations=19 (full 2):
 PSYoungGen      total 80896K, used 80874K [0x00000000e0000000, 0x00000000e5f00000, 0x0000000100000000)
  eden space 71168K, 100% used [0x00000000e0000000,0x00000000e4580000,0x00000000e4580000)
  from space 9728K, 99% used [0x00000000e5100000,0x00000000e5a7a858,0x00000000e5a80000)
  to   space 11776K, 0% used [0x00000000e4580000,0x00000000e4580000,0x00000000e5100000)
 ParOldGen       total 56320K, used 21775K [0x00000000a0000000, 0x00000000a3700000, 0x00000000e0000000)
  object space 56320K, 38% used [0x00000000a0000000,0x00000000a1543dc0,0x00000000a3700000)
 Metaspace       used 52404K, capacity 54092K, committed 54232K, reserved 1095680K
  class space    used 7189K, capacity 7575K, committed 7680K, reserved 1048576K
Event: 32.470 GC heap after
Heap after GC invocations=19 (full 2):
 PSYoungGen      total 82944K, used 9582K [0x00000000e0000000, 0x00000000e6880000, 0x0000000100000000)
  eden space 71168K, 0% used [0x00000000e0000000,0x00000000e0000000,0x00000000e4580000)
  from space 11776K, 81% used [0x00000000e4580000,0x00000000e4edb9c0,0x00000000e5100000)
  to   space 12288K, 0% used [0x00000000e5c80000,0x00000000e5c80000,0x00000000e6880000)
 ParOldGen       total 56320K, used 29331K [0x00000000a0000000, 0x00000000a3700000, 0x00000000e0000000)
  object space 56320K, 52% used [0x00000000a0000000,0x00000000a1ca4f18,0x00000000a3700000)
 Metaspace       used 52404K, capacity 54092K, committed 54232K, reserved 1095680K
  class space    used 7189K, capacity 7575K, committed 7680K, reserved 1048576K
}

