# JRE version: OpenJDK Runtime Environment (8.0_152-b02) (build 1.8.0_152-release-1024-b02)
# Java VM: OpenJDK 64-Bit Server VM (25.152-b02 mixed mode windows-amd64 compressed oops)
Heap:
 PSYoungGen      total 99328K, used 89305K [0x00000000e0000000, 0x00000000e8080000, 0x0000000100000000)
  eden space 92160K, 89% used [0x00000000e0000000,0x00000000e50aa4d8,0x00000000e5a00000)
  from space 7168K, 93% used [0x00000000e7980000,0x00000000e800c048,0x00000000e8080000)
  to   space 8192K, 0% used [0x00000000e7080000,0x00000000e7080000,0x00000000e7880000)
 ParOldGen       total 36352K, used 11715K [0x00000000a0000000, 0x00000000a2380000, 0x00000000e0000000)
  object space 36352K, 32% used [0x00000000a0000000,0x00000000a0b70ca0,0x00000000a2380000)
 Metaspace       used 32180K, capacity 32850K, committed 33152K, reserved 1077248K
  class space    used 4480K, capacity 4678K, committed 4736K, reserved 1048576K
GC Heap History (10 events):
Event: 8.005 GC heap before
{Heap before GC invocations=5 (full 0):
 PSYoungGen      total 31744K, used 31720K [0x00000000e0000000, 0x00000000e2100000, 0x0000000100000000)
  eden space 29696K, 100% used [0x00000000e0000000,0x00000000e1d00000,0x00000000e1d00000)
  from space 2048K, 98% used [0x00000000e1f00000,0x00000000e20fa020,0x00000000e2100000)
  to   space 2048K, 0% used [0x00000000e1d00000,0x00000000e1d00000,0x00000000e1f00000)
 ParOldGen       total 38400K, used 4690K [0x00000000a0000000, 0x00000000a2580000, 0x00000000e0000000)
  object space 38400K, 12% used [0x00000000a0000000,0x00000000a0494bb0,0x00000000a2580000)
 Metaspace       used 13383K, capacity 13790K, committed 14080K, reserved 1060864K
  class space    used 1827K, capacity 1965K, committed 2048K, reserved 1048576K
Event: 8.016 GC heap after
Heap after GC invocations=5 (full 0):
 PSYoungGen      total 31744K, used 2040K [0x00000000e0000000, 0x00000000e4500000, 0x0000000100000000)
  eden space 29696K, 0% used [0x00000000e0000000,0x00000000e0000000,0x00000000e1d00000)
  from space 2048K, 99% used [0x00000000e1d00000,0x00000000e1efe030,0x00000000e1f00000)
  to   space 5632K, 0% used [0x00000000e3f80000,0x00000000e3f80000,0x00000000e4500000)
 ParOldGen       total 38400K, used 8099K [0x00000000a0000000, 0x00000000a2580000, 0x00000000e0000000)
  object space 38400K, 21% used [0x00000000a0000000,0x00000000a07e8c28,0x00000000a2580000)
 Metaspace       used 13383K, capacity 13790K, committed 14080K, reserved 1060864K
  class space    used 1827K, capacity 1965K, committed 2048K, reserved 1048576K
}
Event: 9.115 GC heap before
{Heap before GC invocations=6 (full 0):
 PSYoungGen      total 31744K, used 31736K [0x00000000e0000000, 0x00000000e4500000, 0x0000000100000000)
  eden space 29696K, 100% used [0x00000000e0000000,0x00000000e1d00000,0x00000000e1d00000)
  from space 2048K, 99% used [0x00000000e1d00000,0x00000000e1efe030,0x00000000e1f00000)
  to   space 5632K, 0% used [0x00000000e3f80000,0x00000000e3f80000,0x00000000e4500000)
 ParOldGen       total 38400K, used 8099K [0x00000000a0000000, 0x00000000a2580000, 0x00000000e0000000)
  object space 38400K, 21% used [0x00000000a0000000,0x00000000a07e8c28,0x00000000a2580000)
 Metaspace       used 16412K, capacity 16802K, committed 16896K, reserved 1062912K
  class space    used 2322K, capacity 2479K, committed 2560K, reserved 1048576K
Event: 9.141 GC heap after
Heap after GC invocations=6 (full 0):
 PSYoungGen      total 64000K, used 5629K [0x00000000e0000000, 0x00000000e4700000, 0x0000000100000000)
  eden space 58368K, 0% used [0x00000000e0000000,0x00000000e0000000,0x00000000e3900000)
  from space 5632K, 99% used [0x00000000e3f80000,0x00000000e44ff5e0,0x00000000e4500000)
  to   space 6656K, 0% used [0x00000000e3900000,0x00000000e3900000,0x00000000e3f80000)
 ParOldGen       total 38400K, used 8426K [0x00000000a0000000, 0x00000000a2580000, 0x00000000e0000000)
  object space 38400K, 21% used [0x00000000a0000000,0x00000000a083a9c0,0x00000000a2580000)
 Metaspace       used 16412K, capacity 16802K, committed 16896K, reserved 1062912K
  class space    used 2322K, capacity 2479K, committed 2560K, reserved 1048576K
}
Event: 10.313 GC heap before
{Heap before GC invocations=7 (full 0):
 PSYoungGen      total 64000K, used 31847K [0x00000000e0000000, 0x00000000e4700000, 0x0000000100000000)
  eden space 58368K, 44% used [0x00000000e0000000,0x00000000e199a730,0x00000000e3900000)
  from space 5632K, 99% used [0x00000000e3f80000,0x00000000e44ff5e0,0x00000000e4500000)
  to   space 6656K, 0% used [0x00000000e3900000,0x00000000e3900000,0x00000000e3f80000)
 ParOldGen       total 38400K, used 8426K [0x00000000a0000000, 0x00000000a2580000, 0x00000000e0000000)
  object space 38400K, 21% used [0x00000000a0000000,0x00000000a083a9c0,0x00000000a2580000)
 Metaspace       used 20808K, capacity 21212K, committed 21248K, reserved 1067008K
  class space    used 2895K, capacity 3042K, committed 3072K, reserved 1048576K
Event: 10.331 GC heap after
Heap after GC invocations=7 (full 0):
 PSYoungGen      total 65024K, used 6465K [0x00000000e0000000, 0x00000000e8100000, 0x0000000100000000)
  eden space 58368K, 0% used [0x00000000e0000000,0x00000000e0000000,0x00000000e3900000)
  from space 6656K, 97% used [0x00000000e3900000,0x00000000e3f50618,0x00000000e3f80000)
  to   space 7680K, 0% used [0x00000000e7980000,0x00000000e7980000,0x00000000e8100000)
 ParOldGen       total 38400K, used 9153K [0x00000000a0000000, 0x00000000a2580000, 0x00000000e0000000)
  object space 38400K, 23% used [0x00000000a0000000,0x00000000a08f0520,0x00000000a2580000)
 Metaspace       used 20808K, capacity 21212K, committed 21248K, reserved 1067008K
  class space    used 2895K, capacity 3042K, committed 3072K, reserved 1048576K
}
Event: 10.331 GC heap before
{Heap before GC invocations=8 (full 1):
 PSYoungGen      total 65024K, used 6465K [0x00000000e0000000, 0x00000000e8100000, 0x0000000100000000)
  eden space 58368K, 0% used [0x00000000e0000000,0x00000000e0000000,0x00000000e3900000)
  from space 6656K, 97% used [0x00000000e3900000,0x00000000e3f50618,0x00000000e3f80000)
  to   space 7680K, 0% used [0x00000000e7980000,0x00000000e7980000,0x00000000e8100000)
 ParOldGen       total 38400K, used 9153K [0x00000000a0000000, 0x00000000a2580000, 0x00000000e0000000)
  object space 38400K, 23% used [0x00000000a0000000,0x00000000a08f0520,0x00000000a2580000)
 Metaspace       used 20808K, capacity 21212K, committed 21248K, reserved 1067008K
  class space    used 2895K, capacity 3042K, committed 3072K, reserved 1048576K
Event: 10.431 GC heap after
Heap after GC invocations=8 (full 1):
 PSYoungGen      total 65024K, used 0K [0x00000000e0000000, 0x00000000e8100000, 0x0000000100000000)
  eden space 58368K, 0% used [0x00000000e0000000,0x00000000e0000000,0x00000000e3900000)
  from space 6656K, 0% used [0x00000000e3900000,0x00000000e3900000,0x00000000e3f80000)
  to   space 7680K, 0% used [0x00000000e7980000,0x00000000e7980000,0x00000000e8100000)
 ParOldGen       total 36352K, used 11707K [0x00000000a0000000, 0x00000000a2380000, 0x00000000e0000000)
  object space 36352K, 32% used [0x00000000a0000000,0x00000000a0b6eca0,0x00000000a2380000)
 Metaspace       used 20808K, capacity 21212K, committed 21248K, reserved 1067008K
  class space    used 2895K, capacity 3042K, committed 3072K, reserved 1048576K
}
Event: 12.736 GC heap before
{Heap before GC invocations=9 (full 1):
 PSYoungGen      total 65024K, used 58368K [0x00000000e0000000, 0x00000000e8100000, 0x0000000100000000)
  eden space 58368K, 100% used [0x00000000e0000000,0x00000000e3900000,0x00000000e3900000)
  from space 6656K, 0% used [0x00000000e3900000,0x00000000e3900000,0x00000000e3f80000)
  to   space 7680K, 0% used [0x00000000e7980000,0x00000000e7980000,0x00000000e8100000)
 ParOldGen       total 36352K, used 11707K [0x00000000a0000000, 0x00000000a2380000, 0x00000000e0000000)
  object space 36352K, 32% used [0x00000000a0000000,0x00000000a0b6eca0,0x00000000a2380000)
 Metaspace       used 26371K, capacity 26870K, committed 27136K, reserved 1073152K
  class space    used 3610K, capacity 3767K, committed 3840K, reserved 1048576K
Event: 12.755 GC heap after
Heap after GC invocations=9 (full 1):
 PSYoungGen      total 99328K, used 6704K [0x00000000e0000000, 0x00000000e8080000, 0x0000000100000000)
  eden space 92160K, 0% used [0x00000000e0000000,0x00000000e0000000,0x00000000e5a00000)
  from space 7168K, 93% used [0x00000000e7980000,0x00000000e800c048,0x00000000e8080000)
  to   space 8192K, 0% used [0x00000000e7080000,0x00000000e7080000,0x00000000e7880000)
 ParOldGen       total 36352K, used 11715K [0x00000000a0000000, 0x00000000a2380000, 0x00000000e0000000)
  object space 36352K, 32% used [0x00000000a0000000,0x00000000a0b70ca0,0x00000000a2380000)
 Metaspace       used 26371K, capacity 26870K, committed 27136K, reserved 1073152K
  class space    used 3610K, capacity 3767K, committed 3840K, reserved 1048576K
}

