# JRE version: OpenJDK Runtime Environment (8.0_152-b02) (build 1.8.0_152-release-1024-b02)
# Java VM: OpenJDK 64-Bit Server VM (25.152-b02 mixed mode windows-amd64 compressed oops)
Heap:
 PSYoungGen      total 103936K, used 20550K [0x00000000e0000000, 0x00000000e7b80000, 0x0000000100000000)
  eden space 94208K, 21% used [0x00000000e0000000,0x00000000e1411ad8,0x00000000e5c00000)
  from space 9728K, 0% used [0x00000000e5c00000,0x00000000e5c00000,0x00000000e6580000)
  to   space 9728K, 0% used [0x00000000e7200000,0x00000000e7200000,0x00000000e7b80000)
 ParOldGen       total 88576K, used 33246K [0x00000000a0000000, 0x00000000a5680000, 0x00000000e0000000)
  object space 88576K, 37% used [0x00000000a0000000,0x00000000a2077a60,0x00000000a5680000)
 Metaspace       used 57468K, capacity 59504K, committed 59736K, reserved 1101824K
  class space    used 7799K, capacity 8277K, committed 8320K, reserved 1048576K
GC Heap History (10 events):
Event: 31.151 GC heap before
{Heap before GC invocations=18 (full 2):
 PSYoungGen      total 72192K, used 72164K [0x00000000e0000000, 0x00000000e6100000, 0x0000000100000000)
  eden space 65536K, 100% used [0x00000000e0000000,0x00000000e4000000,0x00000000e4000000)
  from space 6656K, 99% used [0x00000000e4000000,0x00000000e46792d0,0x00000000e4680000)
  to   space 8704K, 0% used [0x00000000e5880000,0x00000000e5880000,0x00000000e6100000)
 ParOldGen       total 54272K, used 21226K [0x00000000a0000000, 0x00000000a3500000, 0x00000000e0000000)
  object space 54272K, 39% used [0x00000000a0000000,0x00000000a14baa08,0x00000000a3500000)
 Metaspace       used 48428K, capacity 49676K, committed 49880K, reserved 1091584K
  class space    used 6567K, capacity 6903K, committed 6912K, reserved 1048576K
Event: 31.213 GC heap after
Heap after GC invocations=18 (full 2):
 PSYoungGen      total 90624K, used 5514K [0x00000000e0000000, 0x00000000e6200000, 0x0000000100000000)
  eden space 81920K, 0% used [0x00000000e0000000,0x00000000e0000000,0x00000000e5000000)
  from space 8704K, 63% used [0x00000000e5880000,0x00000000e5de2b20,0x00000000e6100000)
  to   space 8704K, 0% used [0x00000000e5000000,0x00000000e5000000,0x00000000e5880000)
 ParOldGen       total 54272K, used 27880K [0x00000000a0000000, 0x00000000a3500000, 0x00000000e0000000)
  object space 54272K, 51% used [0x00000000a0000000,0x00000000a1b3a140,0x00000000a3500000)
 Metaspace       used 48428K, capacity 49676K, committed 49880K, reserved 1091584K
  class space    used 6567K, capacity 6903K, committed 6912K, reserved 1048576K
}
Event: 35.265 GC heap before
{Heap before GC invocations=19 (full 2):
 PSYoungGen      total 90624K, used 87434K [0x00000000e0000000, 0x00000000e6200000, 0x0000000100000000)
  eden space 81920K, 100% used [0x00000000e0000000,0x00000000e5000000,0x00000000e5000000)
  from space 8704K, 63% used [0x00000000e5880000,0x00000000e5de2b20,0x00000000e6100000)
  to   space 8704K, 0% used [0x00000000e5000000,0x00000000e5000000,0x00000000e5880000)
 ParOldGen       total 54272K, used 27880K [0x00000000a0000000, 0x00000000a3500000, 0x00000000e0000000)
  object space 54272K, 51% used [0x00000000a0000000,0x00000000a1b3a140,0x00000000a3500000)
 Metaspace       used 53514K, capacity 55240K, committed 55384K, reserved 1097728K
  class space    used 7318K, capacity 7741K, committed 7808K, reserved 1048576K
Event: 35.301 GC heap after
Heap after GC invocations=19 (full 2):
 PSYoungGen      total 90624K, used 8681K [0x00000000e0000000, 0x00000000e7180000, 0x0000000100000000)
  eden space 81920K, 0% used [0x00000000e0000000,0x00000000e0000000,0x00000000e5000000)
  from space 8704K, 99% used [0x00000000e5000000,0x00000000e587a5d0,0x00000000e5880000)
  to   space 10240K, 0% used [0x00000000e6780000,0x00000000e6780000,0x00000000e7180000)
 ParOldGen       total 54272K, used 29272K [0x00000000a0000000, 0x00000000a3500000, 0x00000000e0000000)
  object space 54272K, 53% used [0x00000000a0000000,0x00000000a1c96188,0x00000000a3500000)
 Metaspace       used 53514K, capacity 55240K, committed 55384K, reserved 1097728K
  class space    used 7318K, capacity 7741K, committed 7808K, reserved 1048576K
}
Event: 59.277 GC heap before
{Heap before GC invocations=20 (full 2):
 PSYoungGen      total 90624K, used 90601K [0x00000000e0000000, 0x00000000e7180000, 0x0000000100000000)
  eden space 81920K, 100% used [0x00000000e0000000,0x00000000e5000000,0x00000000e5000000)
  from space 8704K, 99% used [0x00000000e5000000,0x00000000e587a5d0,0x00000000e5880000)
  to   space 10240K, 0% used [0x00000000e6780000,0x00000000e6780000,0x00000000e7180000)
 ParOldGen       total 54272K, used 29272K [0x00000000a0000000, 0x00000000a3500000, 0x00000000e0000000)
  object space 54272K, 53% used [0x00000000a0000000,0x00000000a1c96188,0x00000000a3500000)
 Metaspace       used 56403K, capacity 58330K, committed 58584K, reserved 1099776K
  class space    used 7671K, capacity 8116K, committed 8192K, reserved 1048576K
Event: 59.329 GC heap after
Heap after GC invocations=20 (full 2):
 PSYoungGen      total 101888K, used 5224K [0x00000000e0000000, 0x00000000e6f00000, 0x0000000100000000)
  eden space 94208K, 0% used [0x00000000e0000000,0x00000000e0000000,0x00000000e5c00000)
  from space 7680K, 68% used [0x00000000e6780000,0x00000000e6c9a3e8,0x00000000e6f00000)
  to   space 9728K, 0% used [0x00000000e5c00000,0x00000000e5c00000,0x00000000e6580000)
 ParOldGen       total 54272K, used 36064K [0x00000000a0000000, 0x00000000a3500000, 0x00000000e0000000)
  object space 54272K, 66% used [0x00000000a0000000,0x00000000a23382e8,0x00000000a3500000)
 Metaspace       used 56403K, capacity 58330K, committed 58584K, reserved 1099776K
  class space    used 7671K, capacity 8116K, committed 8192K, reserved 1048576K
}
Event: 64.362 GC heap before
{Heap before GC invocations=21 (full 2):
 PSYoungGen      total 101888K, used 43091K [0x00000000e0000000, 0x00000000e6f00000, 0x0000000100000000)
  eden space 94208K, 40% used [0x00000000e0000000,0x00000000e24fa860,0x00000000e5c00000)
  from space 7680K, 68% used [0x00000000e6780000,0x00000000e6c9a3e8,0x00000000e6f00000)
  to   space 9728K, 0% used [0x00000000e5c00000,0x00000000e5c00000,0x00000000e6580000)
 ParOldGen       total 54272K, used 36064K [0x00000000a0000000, 0x00000000a3500000, 0x00000000e0000000)
  object space 54272K, 66% used [0x00000000a0000000,0x00000000a23382e8,0x00000000a3500000)
 Metaspace       used 56991K, capacity 58994K, committed 59028K, reserved 1099776K
  class space    used 7740K, capacity 8174K, committed 8192K, reserved 1048576K
Event: 64.383 GC heap after
Heap after GC invocations=21 (full 2):
 PSYoungGen      total 103936K, used 5487K [0x00000000e0000000, 0x00000000e7b80000, 0x0000000100000000)
  eden space 94208K, 0% used [0x00000000e0000000,0x00000000e0000000,0x00000000e5c00000)
  from space 9728K, 56% used [0x00000000e5c00000,0x00000000e615be80,0x00000000e6580000)
  to   space 9728K, 0% used [0x00000000e7200000,0x00000000e7200000,0x00000000e7b80000)
 ParOldGen       total 54272K, used 36072K [0x00000000a0000000, 0x00000000a3500000, 0x00000000e0000000)
  object space 54272K, 66% used [0x00000000a0000000,0x00000000a233a2e8,0x00000000a3500000)
 Metaspace       used 56991K, capacity 58994K, committed 59028K, reserved 1099776K
  class space    used 7740K, capacity 8174K, committed 8192K, reserved 1048576K
}
Event: 64.383 GC heap before
{Heap before GC invocations=22 (full 3):
 PSYoungGen      total 103936K, used 5487K [0x00000000e0000000, 0x00000000e7b80000, 0x0000000100000000)
  eden space 94208K, 0% used [0x00000000e0000000,0x00000000e0000000,0x00000000e5c00000)
  from space 9728K, 56% used [0x00000000e5c00000,0x00000000e615be80,0x00000000e6580000)
  to   space 9728K, 0% used [0x00000000e7200000,0x00000000e7200000,0x00000000e7b80000)
 ParOldGen       total 54272K, used 36072K [0x00000000a0000000, 0x00000000a3500000, 0x00000000e0000000)
  object space 54272K, 66% used [0x00000000a0000000,0x00000000a233a2e8,0x00000000a3500000)
 Metaspace       used 56991K, capacity 58994K, committed 59028K, reserved 1099776K
  class space    used 7740K, capacity 8174K, committed 8192K, reserved 1048576K
Event: 64.957 GC heap after
Heap after GC invocations=22 (full 3):
 PSYoungGen      total 103936K, used 0K [0x00000000e0000000, 0x00000000e7b80000, 0x0000000100000000)
  eden space 94208K, 0% used [0x00000000e0000000,0x00000000e0000000,0x00000000e5c00000)
  from space 9728K, 0% used [0x00000000e5c00000,0x00000000e5c00000,0x00000000e6580000)
  to   space 9728K, 0% used [0x00000000e7200000,0x00000000e7200000,0x00000000e7b80000)
 ParOldGen       total 88576K, used 33246K [0x00000000a0000000, 0x00000000a5680000, 0x00000000e0000000)
  object space 88576K, 37% used [0x00000000a0000000,0x00000000a2077a60,0x00000000a5680000)
 Metaspace       used 56991K, capacity 58994K, committed 59028K, reserved 1099776K
  class space    used 7740K, capacity 8174K, committed 8192K, reserved 1048576K
}

