# JRE version: OpenJDK Runtime Environment (8.0_152-b02) (build 1.8.0_152-release-1024-b02)
# Java VM: OpenJDK 64-Bit Server VM (25.152-b02 mixed mode windows-amd64 compressed oops)
Heap:
 PSYoungGen      total 76800K, used 59291K [0x00000000e0000000, 0x00000000e5f80000, 0x0000000100000000)
  eden space 67072K, 74% used [0x00000000e0000000,0x00000000e3091778,0x00000000e4180000)
  from space 9728K, 98% used [0x00000000e5600000,0x00000000e5f556e8,0x00000000e5f80000)
  to   space 13312K, 0% used [0x00000000e4580000,0x00000000e4580000,0x00000000e5280000)
 ParOldGen       total 87040K, used 31490K [0x00000000a0000000, 0x00000000a5500000, 0x00000000e0000000)
  object space 87040K, 36% used [0x00000000a0000000,0x00000000a1ec0988,0x00000000a5500000)
 Metaspace       used 62300K, capacity 64610K, committed 64856K, reserved 1105920K
  class space    used 8283K, capacity 8766K, committed 8832K, reserved 1048576K
GC Heap History (10 events):
Event: 108.516 GC heap before
{Heap before GC invocations=27 (full 2):
 PSYoungGen      total 71680K, used 71673K [0x00000000e0000000, 0x00000000e5880000, 0x0000000100000000)
  eden space 61440K, 100% used [0x00000000e0000000,0x00000000e3c00000,0x00000000e3c00000)
  from space 10240K, 99% used [0x00000000e4900000,0x00000000e52fe4e8,0x00000000e5300000)
  to   space 13312K, 0% used [0x00000000e3c00000,0x00000000e3c00000,0x00000000e4900000)
 ParOldGen       total 52224K, used 26414K [0x00000000a0000000, 0x00000000a3300000, 0x00000000e0000000)
  object space 52224K, 50% used [0x00000000a0000000,0x00000000a19cb978,0x00000000a3300000)
 Metaspace       used 56260K, capacity 58008K, committed 58200K, reserved 1099776K
  class space    used 7600K, capacity 8015K, committed 8064K, reserved 1048576K
Event: 108.652 GC heap after
Heap after GC invocations=27 (full 2):
 PSYoungGen      total 74752K, used 2278K [0x00000000e0000000, 0x00000000e5d80000, 0x0000000100000000)
  eden space 61440K, 0% used [0x00000000e0000000,0x00000000e0000000,0x00000000e3c00000)
  from space 13312K, 17% used [0x00000000e3c00000,0x00000000e3e39908,0x00000000e4900000)
  to   space 13312K, 0% used [0x00000000e5080000,0x00000000e5080000,0x00000000e5d80000)
 ParOldGen       total 52224K, used 32971K [0x00000000a0000000, 0x00000000a3300000, 0x00000000e0000000)
  object space 52224K, 63% used [0x00000000a0000000,0x00000000a2032ec8,0x00000000a3300000)
 Metaspace       used 56260K, capacity 58008K, committed 58200K, reserved 1099776K
  class space    used 7600K, capacity 8015K, committed 8064K, reserved 1048576K
}
Event: 112.770 GC heap before
{Heap before GC invocations=28 (full 2):
 PSYoungGen      total 74752K, used 23251K [0x00000000e0000000, 0x00000000e5d80000, 0x0000000100000000)
  eden space 61440K, 34% used [0x00000000e0000000,0x00000000e147b5c8,0x00000000e3c00000)
  from space 13312K, 17% used [0x00000000e3c00000,0x00000000e3e39908,0x00000000e4900000)
  to   space 13312K, 0% used [0x00000000e5080000,0x00000000e5080000,0x00000000e5d80000)
 ParOldGen       total 52224K, used 32971K [0x00000000a0000000, 0x00000000a3300000, 0x00000000e0000000)
  object space 52224K, 63% used [0x00000000a0000000,0x00000000a2032ec8,0x00000000a3300000)
 Metaspace       used 57058K, capacity 58930K, committed 59028K, reserved 1099776K
  class space    used 7705K, capacity 8138K, committed 8192K, reserved 1048576K
Event: 112.784 GC heap after
Heap after GC invocations=28 (full 2):
 PSYoungGen      total 81408K, used 2334K [0x00000000e0000000, 0x00000000e5d00000, 0x0000000100000000)
  eden space 68608K, 0% used [0x00000000e0000000,0x00000000e0000000,0x00000000e4300000)
  from space 12800K, 18% used [0x00000000e5080000,0x00000000e52c7bd8,0x00000000e5d00000)
  to   space 13312K, 0% used [0x00000000e4300000,0x00000000e4300000,0x00000000e5000000)
 ParOldGen       total 52224K, used 32979K [0x00000000a0000000, 0x00000000a3300000, 0x00000000e0000000)
  object space 52224K, 63% used [0x00000000a0000000,0x00000000a2034ec8,0x00000000a3300000)
 Metaspace       used 57058K, capacity 58930K, committed 59028K, reserved 1099776K
  class space    used 7705K, capacity 8138K, committed 8192K, reserved 1048576K
}
Event: 112.784 GC heap before
{Heap before GC invocations=29 (full 3):
 PSYoungGen      total 81408K, used 2334K [0x00000000e0000000, 0x00000000e5d00000, 0x0000000100000000)
  eden space 68608K, 0% used [0x00000000e0000000,0x00000000e0000000,0x00000000e4300000)
  from space 12800K, 18% used [0x00000000e5080000,0x00000000e52c7bd8,0x00000000e5d00000)
  to   space 13312K, 0% used [0x00000000e4300000,0x00000000e4300000,0x00000000e5000000)
 ParOldGen       total 52224K, used 32979K [0x00000000a0000000, 0x00000000a3300000, 0x00000000e0000000)
  object space 52224K, 63% used [0x00000000a0000000,0x00000000a2034ec8,0x00000000a3300000)
 Metaspace       used 57058K, capacity 58930K, committed 59028K, reserved 1099776K
  class space    used 7705K, capacity 8138K, committed 8192K, reserved 1048576K
Event: 113.428 GC heap after
Heap after GC invocations=29 (full 3):
 PSYoungGen      total 81408K, used 0K [0x00000000e0000000, 0x00000000e5d00000, 0x0000000100000000)
  eden space 68608K, 0% used [0x00000000e0000000,0x00000000e0000000,0x00000000e4300000)
  from space 12800K, 0% used [0x00000000e5080000,0x00000000e5080000,0x00000000e5d00000)
  to   space 13312K, 0% used [0x00000000e4300000,0x00000000e4300000,0x00000000e5000000)
 ParOldGen       total 87040K, used 31474K [0x00000000a0000000, 0x00000000a5500000, 0x00000000e0000000)
  object space 87040K, 36% used [0x00000000a0000000,0x00000000a1ebc988,0x00000000a5500000)
 Metaspace       used 57058K, capacity 58930K, committed 59028K, reserved 1099776K
  class space    used 7705K, capacity 8138K, committed 8192K, reserved 1048576K
}
Event: 120.027 GC heap before
{Heap before GC invocations=30 (full 3):
 PSYoungGen      total 81408K, used 68608K [0x00000000e0000000, 0x00000000e5d00000, 0x0000000100000000)
  eden space 68608K, 100% used [0x00000000e0000000,0x00000000e4300000,0x00000000e4300000)
  from space 12800K, 0% used [0x00000000e5080000,0x00000000e5080000,0x00000000e5d00000)
  to   space 13312K, 0% used [0x00000000e4300000,0x00000000e4300000,0x00000000e5000000)
 ParOldGen       total 87040K, used 31474K [0x00000000a0000000, 0x00000000a5500000, 0x00000000e0000000)
  object space 87040K, 36% used [0x00000000a0000000,0x00000000a1ebc988,0x00000000a5500000)
 Metaspace       used 58488K, capacity 60554K, committed 60632K, reserved 1101824K
  class space    used 7905K, capacity 8388K, committed 8448K, reserved 1048576K
Event: 120.038 GC heap after
Heap after GC invocations=30 (full 3):
 PSYoungGen      total 81920K, used 4082K [0x00000000e0000000, 0x00000000e6200000, 0x0000000100000000)
  eden space 68608K, 0% used [0x00000000e0000000,0x00000000e0000000,0x00000000e4300000)
  from space 13312K, 30% used [0x00000000e4300000,0x00000000e46fcb80,0x00000000e5000000)
  to   space 12288K, 0% used [0x00000000e5600000,0x00000000e5600000,0x00000000e6200000)
 ParOldGen       total 87040K, used 31482K [0x00000000a0000000, 0x00000000a5500000, 0x00000000e0000000)
  object space 87040K, 36% used [0x00000000a0000000,0x00000000a1ebe988,0x00000000a5500000)
 Metaspace       used 58488K, capacity 60554K, committed 60632K, reserved 1101824K
  class space    used 7905K, capacity 8388K, committed 8448K, reserved 1048576K
}
Event: 639.281 GC heap before
{Heap before GC invocations=31 (full 3):
 PSYoungGen      total 81920K, used 72690K [0x00000000e0000000, 0x00000000e6200000, 0x0000000100000000)
  eden space 68608K, 100% used [0x00000000e0000000,0x00000000e4300000,0x00000000e4300000)
  from space 13312K, 30% used [0x00000000e4300000,0x00000000e46fcb80,0x00000000e5000000)
  to   space 12288K, 0% used [0x00000000e5600000,0x00000000e5600000,0x00000000e6200000)
 ParOldGen       total 87040K, used 31482K [0x00000000a0000000, 0x00000000a5500000, 0x00000000e0000000)
  object space 87040K, 36% used [0x00000000a0000000,0x00000000a1ebe988,0x00000000a5500000)
 Metaspace       used 62199K, capacity 64522K, committed 64600K, reserved 1105920K
  class space    used 8281K, capacity 8762K, committed 8832K, reserved 1048576K
Event: 639.348 GC heap after
Heap after GC invocations=31 (full 3):
 PSYoungGen      total 76800K, used 9557K [0x00000000e0000000, 0x00000000e5f80000, 0x0000000100000000)
  eden space 67072K, 0% used [0x00000000e0000000,0x00000000e0000000,0x00000000e4180000)
  from space 9728K, 98% used [0x00000000e5600000,0x00000000e5f556e8,0x00000000e5f80000)
  to   space 13312K, 0% used [0x00000000e4580000,0x00000000e4580000,0x00000000e5280000)
 ParOldGen       total 87040K, used 31490K [0x00000000a0000000, 0x00000000a5500000, 0x00000000e0000000)
  object space 87040K, 36% used [0x00000000a0000000,0x00000000a1ec0988,0x00000000a5500000)
 Metaspace       used 62199K, capacity 64522K, committed 64600K, reserved 1105920K
  class space    used 8281K, capacity 8762K, committed 8832K, reserved 1048576K
}

